#
# There is insufficient memory for the Java Runtime Environment to continue.
# Native memory allocation (mmap) failed to map 266338304 bytes. Error detail: G1 virtual space
# Possible reasons:
#   The system is out of physical RAM or swap space
#   This process is running with CompressedOops enabled, and the Java Heap may be blocking the growth of the native heap
# Possible solutions:
#   Reduce memory load on the system
#   Increase physical memory or swap space
#   Check if swap backing store is full
#   Decrease Java heap size (-Xmx/-Xms)
#   Decrease number of Java threads
#   Decrease Java thread stack sizes (-Xss)
#   Set larger code cache with -XX:ReservedCodeCacheSize=
#   JVM is running with Zero Based Compressed Oops mode in which the Java heap is
#     placed in the first 32GB address space. The Java Heap base address is the
#     maximum limit for the native heap growth. Please use -XX:HeapBaseMinAddress
#     to set the Java Heap base and to place the Java Heap above 32GB virtual address.
# This output file may be truncated or incomplete.
#
#  Out of Memory Error (os_windows.cpp:3825), pid=9644, tid=16808
#
# JRE version:  (17.0.11+1) (build )
# Java VM: OpenJDK 64-Bit Server VM (17.0.11+1-b1207.24, mixed mode, sharing, tiered, compressed oops, compressed class ptrs, g1 gc, windows-amd64)
# No core dump will be written. Minidumps are not enabled by default on client versions of Windows
#

---------------  S U M M A R Y ------------

Command Line: git4idea.http.GitAskPassApp Username for 'https://github.com': 

Host: Intel(R) Core(TM) i5-10300H CPU @ 2.50GHz, 8 cores, 15G,  Windows 11 , 64 bit Build 22621 (10.0.22621.3672)
Time: Sat Jun 22 14:16:06 2024 India Standard Time elapsed time: 0.010754 seconds (0d 0h 0m 0s)

---------------  T H R E A D  ---------------

Current thread (0x00000288325ee390):  JavaThread "Unknown thread" [_thread_in_vm, id=16808, stack(0x000000e68b700000,0x000000e68b800000)]

Stack: [0x000000e68b700000,0x000000e68b800000]
Native frames: (J=compiled Java code, j=interpreted, Vv=VM code, C=native code)
V  [jvm.dll+0x6877f9]
V  [jvm.dll+0x8411aa]
V  [jvm.dll+0x842e2e]
V  [jvm.dll+0x843493]
V  [jvm.dll+0x249fdf]
V  [jvm.dll+0x6845c9]
V  [jvm.dll+0x678e7a]
V  [jvm.dll+0x30ab4b]
V  [jvm.dll+0x311ff6]
V  [jvm.dll+0x361a5e]
V  [jvm.dll+0x361c8f]
V  [jvm.dll+0x2e0978]
V  [jvm.dll+0x2e18e4]
V  [jvm.dll+0x811c71]
V  [jvm.dll+0x36f7c8]
V  [jvm.dll+0x7f05f6]
V  [jvm.dll+0x3f398f]
V  [jvm.dll+0x3f5541]
C  [jli.dll+0x528f]
C  [ucrtbase.dll+0x29333]
C  [KERNEL32.DLL+0x1257d]
C  [ntdll.dll+0x5af28]


---------------  P R O C E S S  ---------------

Threads class SMR info:
_java_thread_list=0x00007ff988dcefd8, length=0, elements={
}

Java Threads: ( => current thread )

Other Threads:
  0x00000288326589b0 GCTaskThread "GC Thread#0" [stack: 0x000000e68b800000,0x000000e68b900000] [id=8588]
  0x0000028832669680 ConcurrentGCThread "G1 Main Marker" [stack: 0x000000e68b900000,0x000000e68ba00000] [id=13476]
  0x000002883266a0a0 ConcurrentGCThread "G1 Conc#0" [stack: 0x000000e68ba00000,0x000000e68bb00000] [id=5560]

[error occurred during error reporting (printing all threads), id 0xc0000005, EXCEPTION_ACCESS_VIOLATION (0xc0000005) at pc=0x00007ff988581547]

VM state: not at safepoint (not fully initialized)

VM Mutex/Monitor currently owned by a thread:  ([mutex/lock_event])
[0x00000288325ea610] Heap_lock - owner thread: 0x00000288325ee390

Heap address: 0x0000000702800000, size: 4056 MB, Compressed Oops mode: Zero based, Oop shift amount: 3

CDS archive(s) mapped at: [0x0000000000000000-0x0000000000000000-0x0000000000000000), size 0, SharedBaseAddress: 0x0000000800000000, ArchiveRelocationMode: 1.
Narrow klass base: 0x0000000000000000, Narrow klass shift: 0, Narrow klass range: 0x0

GC Precious Log:
<Empty>

Heap:
 garbage-first heap   total 0K, used 0K [0x0000000702800000, 0x0000000800000000)
  region size 2048K, 0 young (0K), 0 survivors (0K)
 Metaspace       used 0K, committed 0K, reserved 0K
  class space    used 0K, committed 0K, reserved 0K

Heap Regions: E=young(eden), S=young(survivor), O=old, HS=humongous(starts), HC=humongous(continues), CS=collection set, F=free, OA=open archive, CA=closed archive, TAMS=top-at-mark-start (previous, next)

Card table byte_map: [0x0000028845890000,0x0000028846080000] _byte_map_base: 0x000002884207c000

Marking Bits (Prev, Next): (CMBitMap*) 0x0000028832658fd0, (CMBitMap*) 0x0000028832659010
 Prev Bits: [0x0000028846870000, 0x000002884a7d0000)
 Next Bits: [0x000002884a7d0000, 0x000002884e730000)

GC Heap History (0 events):
No events

Dll operation events (1 events):
Event: 0.007 Loaded shared library C:\Program Files\JetBrains\IntelliJ IDEA 2024.1.3\jbr\bin\java.dll

Deoptimization events (0 events):
No events

Classes unloaded (0 events):
No events

Classes redefined (0 events):
No events

Internal exceptions (0 events):
No events

VM Operations (0 events):
No events

Events (0 events):
No events


Dynamic libraries:
0x00007ff7a6d50000 - 0x00007ff7a6d5a000 	C:\Program Files\JetBrains\IntelliJ IDEA 2024.1.3\jbr\bin\java.exe
0x00007ffa70d50000 - 0x00007ffa70f67000 	C:\Windows\SYSTEM32\ntdll.dll
0x00007ffa6ea90000 - 0x00007ffa6eb54000 	C:\Windows\System32\KERNEL32.DLL
0x00007ffa6e400000 - 0x00007ffa6e7ac000 	C:\Windows\System32\KERNELBASE.dll
0x00007ffa6e1f0000 - 0x00007ffa6e301000 	C:\Windows\System32\ucrtbase.dll
0x00007ffa41b90000 - 0x00007ffa41ba7000 	C:\Program Files\JetBrains\IntelliJ IDEA 2024.1.3\jbr\bin\jli.dll
0x00007ffa70630000 - 0x00007ffa707de000 	C:\Windows\System32\USER32.dll
0x00007ffa33d90000 - 0x00007ffa33dab000 	C:\Program Files\JetBrains\IntelliJ IDEA 2024.1.3\jbr\bin\VCRUNTIME140.dll
0x00007ffa6e310000 - 0x00007ffa6e336000 	C:\Windows\System32\win32u.dll
0x00007ffa544a0000 - 0x00007ffa54733000 	C:\Windows\WinSxS\amd64_microsoft.windows.common-controls_6595b64144ccf1df_6.0.22621.3672_none_2713b9d173822955\COMCTL32.dll
0x00007ffa6f4c0000 - 0x00007ffa6f567000 	C:\Windows\System32\msvcrt.dll
0x00007ffa70b10000 - 0x00007ffa70b39000 	C:\Windows\System32\GDI32.dll
0x00007ffa6e900000 - 0x00007ffa6ea19000 	C:\Windows\System32\gdi32full.dll
0x00007ffa6e7b0000 - 0x00007ffa6e84a000 	C:\Windows\System32\msvcp_win.dll
0x00007ffa70960000 - 0x00007ffa70991000 	C:\Windows\System32\IMM32.DLL
0x00007ffa51a70000 - 0x00007ffa51a7c000 	C:\Program Files\JetBrains\IntelliJ IDEA 2024.1.3\jbr\bin\vcruntime140_1.dll
0x00007ffa14100000 - 0x00007ffa1418d000 	C:\Program Files\JetBrains\IntelliJ IDEA 2024.1.3\jbr\bin\msvcp140.dll
0x00007ff988290000 - 0x00007ff988f13000 	C:\Program Files\JetBrains\IntelliJ IDEA 2024.1.3\jbr\bin\server\jvm.dll
0x00007ffa70a30000 - 0x00007ffa70ae2000 	C:\Windows\System32\ADVAPI32.dll
0x00007ffa6fba0000 - 0x00007ffa6fc4a000 	C:\Windows\System32\sechost.dll
0x00007ffa6e850000 - 0x00007ffa6e878000 	C:\Windows\System32\bcrypt.dll
0x00007ffa6fcb0000 - 0x00007ffa6fdc5000 	C:\Windows\System32\RPCRT4.dll
0x00007ffa6ced0000 - 0x00007ffa6cf1d000 	C:\Windows\SYSTEM32\POWRPROF.dll
0x00007ffa695b0000 - 0x00007ffa695e4000 	C:\Windows\SYSTEM32\WINMM.dll
0x00007ffa4e7e0000 - 0x00007ffa4e7e9000 	C:\Windows\SYSTEM32\WSOCK32.dll
0x00007ffa663d0000 - 0x00007ffa663da000 	C:\Windows\SYSTEM32\VERSION.dll
0x00007ffa70120000 - 0x00007ffa70191000 	C:\Windows\System32\WS2_32.dll
0x00007ffa6ceb0000 - 0x00007ffa6cec3000 	C:\Windows\SYSTEM32\UMPDC.dll
0x00007ffa6d160000 - 0x00007ffa6d178000 	C:\Windows\SYSTEM32\kernel.appcore.dll
0x00007ffa69c90000 - 0x00007ffa69c9a000 	C:\Program Files\JetBrains\IntelliJ IDEA 2024.1.3\jbr\bin\jimage.dll
0x00007ffa6b960000 - 0x00007ffa6bb92000 	C:\Windows\SYSTEM32\DBGHELP.DLL
0x00007ffa6f810000 - 0x00007ffa6fb98000 	C:\Windows\System32\combase.dll
0x00007ffa6f730000 - 0x00007ffa6f807000 	C:\Windows\System32\OLEAUT32.dll
0x00007ffa45ee0000 - 0x00007ffa45f12000 	C:\Windows\SYSTEM32\dbgcore.DLL
0x00007ffa6e880000 - 0x00007ffa6e8fb000 	C:\Windows\System32\bcryptPrimitives.dll
0x00007ffa3d250000 - 0x00007ffa3d275000 	C:\Program Files\JetBrains\IntelliJ IDEA 2024.1.3\jbr\bin\java.dll

dbghelp: loaded successfully - version: 4.0.5 - missing functions: none
symbol engine: initialized successfully - sym options: 0x614 - pdb path: .;C:\Program Files\JetBrains\IntelliJ IDEA 2024.1.3\jbr\bin;C:\Windows\SYSTEM32;C:\Windows\WinSxS\amd64_microsoft.windows.common-controls_6595b64144ccf1df_6.0.22621.3672_none_2713b9d173822955;C:\Program Files\JetBrains\IntelliJ IDEA 2024.1.3\jbr\bin\server

VM Arguments:
java_command: git4idea.http.GitAskPassApp Username for 'https://github.com': 
java_class_path (initial): C:/Program Files/JetBrains/IntelliJ IDEA 2024.1.3/plugins/vcs-git/lib/git4idea-rt.jar;C:/Program Files/JetBrains/IntelliJ IDEA 2024.1.3/lib/externalProcess-rt.jar
Launcher Type: SUN_STANDARD

[Global flags]
     intx CICompilerCount                          = 4                                         {product} {ergonomic}
     uint ConcGCThreads                            = 2                                         {product} {ergonomic}
     uint G1ConcRefinementThreads                  = 8                                         {product} {ergonomic}
   size_t G1HeapRegionSize                         = 2097152                                   {product} {ergonomic}
    uintx GCDrainStackTargetSize                   = 64                                        {product} {ergonomic}
   size_t InitialHeapSize                          = 266338304                                 {product} {ergonomic}
   size_t MarkStackSize                            = 4194304                                   {product} {ergonomic}
   size_t MaxHeapSize                              = 4253024256                                {product} {ergonomic}
   size_t MinHeapDeltaBytes                        = 2097152                                   {product} {ergonomic}
   size_t MinHeapSize                              = 8388608                                   {product} {ergonomic}
    uintx NonNMethodCodeHeapSize                   = 5839372                                {pd product} {ergonomic}
    uintx NonProfiledCodeHeapSize                  = 122909434                              {pd product} {ergonomic}
    uintx ProfiledCodeHeapSize                     = 122909434                              {pd product} {ergonomic}
    uintx ReservedCodeCacheSize                    = 251658240                              {pd product} {ergonomic}
     bool SegmentedCodeCache                       = true                                      {product} {ergonomic}
   size_t SoftMaxHeapSize                          = 4253024256                             {manageable} {ergonomic}
     bool UseCompressedClassPointers               = true                           {product lp64_product} {ergonomic}
     bool UseCompressedOops                        = true                           {product lp64_product} {ergonomic}
     bool UseG1GC                                  = true                                      {product} {ergonomic}
     bool UseLargePagesIndividualAllocation        = false                                  {pd product} {ergonomic}

Logging:
Log output configuration:
 #0: stdout all=warning uptime,level,tags
 #1: stderr all=off uptime,level,tags

Environment Variables:
PATH=C:\Program Files\Git\mingw64\libexec\git-core;C:\Program Files\Git\mingw64\libexec\git-core;C:\Program Files\Git\mingw64\bin;C:\Program Files\Git\usr\bin;C:\Users\adrin\bin;C:\Program Files\NVIDIA GPU Computing Toolkit\CUDA\v12.1\bin;C:\Program Files\NVIDIA GPU Computing Toolkit\CUDA\v12.1\libnvvp;C:\Program Files\NVIDIA GPU Computing Toolkit\CUDA\v12.4\bin;C:\Program Files\NVIDIA GPU Computing Toolkit\CUDA\v12.4\libnvvp;C:\Windows\system32;C:\Windows;C:\Windows\System32\Wbem;C:\Windows\System32\WindowsPowerShell\v1.0;C:\Windows\System32\OpenSSH;C:\Program Files\Microsoft VS Code\bin;C:\Program Files\NVIDIA Corporation\NVIDIA NvDLISR;C:\Program Files (x86)\NVIDIA Corporation\PhysX\Common;C:\Program Files\dotnet;C:\Program Files\Git\cmd;C:\Program Files\nodejs;C:\Program Files\NVIDIA Corporation\Nsight Compute 2023.1.0;C:\Program Files\Docker\Docker\resources\bin;C:\Users\adrin\.console-ninja\.bin;C:\Users\adrin\.cargo\bin;C:\Users\adrin\AppData\Local\Microsoft\WindowsApps;C:\Users\adrin\AppData\Local\GitHubDesktop\bin;C:\Program Files\JetBrains\PyCharm 2023.3.3\bin;C:\mingw\bin;C:\Users\adrin\AppData\Roaming\npm;C:\Users\adrin\AppData\Local\Microsoft\WinGet\Packages\ajeetdsouza.zoxide_Microsoft.Winget.Source_8wekyb3d8bbwe;C:\Program Files (x86)\GnuWin32\bin;C:\Program Files\JetBrains\IntelliJ IDEA 2024.1.3\bin
USERNAME=adrin
DISPLAY=:0.0
LC_ALL=en_US.UTF-8
TERM=xterm-256color
TMPDIR=C:\Users\adrin\AppData\Local\Temp
OS=Windows_NT
PROCESSOR_IDENTIFIER=Intel64 Family 6 Model 165 Stepping 2, GenuineIntel
TMP=C:\Users\adrin\AppData\Local\Temp
TEMP=C:\Users\adrin\AppData\Local\Temp



Periodic native trim disabled

JNI global refs:
JNI global refs: 0, weak refs: 0

JNI global refs memory usage: 0, weak refs: 0

Process memory usage:
Resident Set Size: 11760K (0% of 16610308K total physical memory with 2430676K free physical memory)

OOME stack traces (most recent first):
Classloader memory used:


---------------  S Y S T E M  ---------------

OS:
 Windows 11 , 64 bit Build 22621 (10.0.22621.3672)
OS uptime: 5 days 12:25 hours
Hyper-V role detected

CPU: total 8 (initial active 8) (4 cores per cpu, 2 threads per core) family 6 model 165 stepping 2 microcode 0xe0, cx8, cmov, fxsr, ht, mmx, 3dnowpref, sse, sse2, sse3, ssse3, sse4.1, sse4.2, popcnt, lzcnt, tsc, tscinvbit, avx, avx2, aes, erms, clmul, bmi1, bmi2, adx, fma, vzeroupper, clflush, clflushopt, hv
Processor Information for all 8 processors :
  Max Mhz: 2496, Current Mhz: 2496, Mhz Limit: 2496

Memory: 4k page, system-wide physical 16221M (2373M free)
TotalPageFile size 50843M (AvailPageFile size 115M)
current process WorkingSet (physical memory assigned to process): 11M, peak: 11M
current process commit charge ("private bytes"): 60M, peak: 314M

vm_info: OpenJDK 64-Bit Server VM (17.0.11+1-b1207.24) for windows-amd64 JRE (17.0.11+1-b1207.24), built on 2024-05-15 by "builduser" with MS VC++ 16.10 / 16.11 (VS2019)

END.
